android/capacitor-cordova-android-plugins/build/intermediates/manifest_merge_blame_file/release/manifest-merger-blame-release-report.txt
1<?xml version="1.0" encoding="utf-8"?>
2<manifest xmlns:amazon="http://schemas.amazon.com/apk/res/android"
3    xmlns:android="http://schemas.android.com/apk/res/android"
4    package="capacitor.android.plugins"
5    android:versionCode="1"
6    android:versionName="1.0" >
7
8    <uses-sdk
9        android:minSdkVersion="21"
9-->src\main\AndroidManifest.xml
10        android:targetSdkVersion="29" />
10-->src\main\AndroidManifest.xml
11
12    <uses-permission android:name="android.permission.ACCESS_COARSE_LOCATION" />
12-->src\main\AndroidManifest.xml:8:1-76
12-->src\main\AndroidManifest.xml:8:18-74
13    <uses-permission android:name="android.permission.ACCESS_FINE_LOCATION" />
13-->src\main\AndroidManifest.xml:9:1-74
13-->src\main\AndroidManifest.xml:9:18-72
14
15    <uses-feature android:name="android.hardware.location.gps" />
15-->src\main\AndroidManifest.xml:10:1-61
15-->src\main\AndroidManifest.xml:10:15-59
16
17    <uses-permission android:name="android.permission.INTERNET" />
17-->src\main\AndroidManifest.xml:11:1-62
17-->src\main\AndroidManifest.xml:11:18-60
18    <uses-permission android:name="android.permission.ACCESS_NETWORK_STATE" />
18-->src\main\AndroidManifest.xml:12:1-74
18-->src\main\AndroidManifest.xml:12:18-72
19    <uses-permission android:name="android.permission.READ_PHONE_STATE" />
19-->src\main\AndroidManifest.xml:13:1-70
19-->src\main\AndroidManifest.xml:13:18-68
20
21    <application>
21-->src\main\AndroidManifest.xml:5:1-7:15
22    </application>
23
24</manifest>